<?xml version="1.0" encoding="UTF-8"?>
<testng-results ignored="0" total="1" passed="1" failed="0" skipped="0">
  <reporter-output>
  </reporter-output>
  <suite started-at="2023-07-09T19:04:59 MMT" name="Default suite" finished-at="2023-07-09T19:05:32 MMT" duration-ms="32956">
    <groups>
    </groups>
    <test started-at="2023-07-09T19:04:59 MMT" name="Default test" finished-at="2023-07-09T19:05:32 MMT" duration-ms="32956">
      <class name="test.TestNG_Demo">
        <test-method is-config="true" signature="setUpTest()[pri:0, instance:test.TestNG_Demo@815b41f]" started-at="2023-07-09T19:04:59 MMT" name="setUpTest" finished-at="2023-07-09T19:05:28 MMT" duration-ms="29020" status="PASS">
          <reporter-output>
          </reporter-output>
        </test-method> <!-- setUpTest -->
        <test-method signature="googleSearch()[pri:0, instance:test.TestNG_Demo@815b41f]" started-at="2023-07-09T19:05:28 MMT" name="googleSearch" finished-at="2023-07-09T19:05:31 MMT" duration-ms="2710" status="PASS">
          <reporter-output>
          </reporter-output>
        </test-method> <!-- googleSearch -->
        <test-method is-config="true" signature="tearDownTest()[pri:0, instance:test.TestNG_Demo@815b41f]" started-at="2023-07-09T19:05:31 MMT" name="tearDownTest" finished-at="2023-07-09T19:05:32 MMT" duration-ms="1117" status="PASS">
          <reporter-output>
          </reporter-output>
        </test-method> <!-- tearDownTest -->
      </class> <!-- test.TestNG_Demo -->
    </test> <!-- Default test -->
  </suite> <!-- Default suite -->
</testng-results>
